<?xml version="1.0" encoding="UTF-8"?>
<testsuite name="org.example.springboot.web.HelloControllerTest" tests="2" skipped="0" failures="0" errors="0" timestamp="2020-08-29T14:11:17" hostname="LAPTOP-KM8D3NT3" time="0.433">
  <properties/>
  <testcase name="returnHelloDto" classname="org.example.springboot.web.HelloControllerTest" time="0.379"/>
  <testcase name="returnHello" classname="org.example.springboot.web.HelloControllerTest" time="0.045"/>
  <system-out><![CDATA[2020-08-29 23:11:14.975  INFO 12480 --- [    Test worker] .b.t.a.w.s.WebMvcTestContextBootstrapper : Neither @ContextConfiguration nor @ContextHierarchy found for test class [org.example.springboot.web.HelloControllerTest], using SpringBootContextLoader
2020-08-29 23:11:14.977  INFO 12480 --- [    Test worker] o.s.t.c.support.AbstractContextLoader    : Could not detect default resource locations for test class [org.example.springboot.web.HelloControllerTest]: no resource found for suffixes {-context.xml, Context.groovy}.
2020-08-29 23:11:14.977  INFO 12480 --- [    Test worker] t.c.s.AnnotationConfigContextLoaderUtils : Could not detect default configuration classes for test class [org.example.springboot.web.HelloControllerTest]: HelloControllerTest does not declare any static, non-private, non-final, nested classes annotated with @Configuration.
2020-08-29 23:11:15.070  INFO 12480 --- [    Test worker] .b.t.c.SpringBootTestContextBootstrapper : Found @SpringBootConfiguration org.example.springboot.Application for test class org.example.springboot.web.HelloControllerTest
2020-08-29 23:11:15.073  INFO 12480 --- [    Test worker] .b.t.a.w.s.WebMvcTestContextBootstrapper : Loaded default TestExecutionListener class names from location [META-INF/spring.factories]: [org.springframework.security.test.context.support.WithSecurityContextTestExecutionListener, org.springframework.security.test.context.support.ReactorContextTestExecutionListener, org.springframework.boot.test.autoconfigure.restdocs.RestDocsTestExecutionListener, org.springframework.boot.test.autoconfigure.web.client.MockRestServiceServerResetTestExecutionListener, org.springframework.boot.test.autoconfigure.web.servlet.MockMvcPrintOnlyOnFailureTestExecutionListener, org.springframework.boot.test.autoconfigure.web.servlet.WebDriverTestExecutionListener, org.springframework.boot.test.mock.mockito.MockitoTestExecutionListener, org.springframework.boot.test.mock.mockito.ResetMocksTestExecutionListener, org.springframework.test.context.web.ServletTestExecutionListener, org.springframework.test.context.support.DirtiesContextBeforeModesTestExecutionListener, org.springframework.test.context.support.DependencyInjectionTestExecutionListener, org.springframework.test.context.support.DirtiesContextTestExecutionListener, org.springframework.test.context.transaction.TransactionalTestExecutionListener, org.springframework.test.context.jdbc.SqlScriptsTestExecutionListener]
2020-08-29 23:11:15.079  INFO 12480 --- [    Test worker] .b.t.a.w.s.WebMvcTestContextBootstrapper : Using TestExecutionListeners: [org.springframework.test.context.web.ServletTestExecutionListener@7f4255fa, org.springframework.test.context.support.DirtiesContextBeforeModesTestExecutionListener@2fd23fa6, org.springframework.boot.test.mock.mockito.MockitoTestExecutionListener@1f05fe3e, org.springframework.boot.test.autoconfigure.SpringBootDependencyInjectionTestExecutionListener@3fe8bbf5, org.springframework.test.context.support.DirtiesContextTestExecutionListener@52e8c477, org.springframework.test.context.transaction.TransactionalTestExecutionListener@6c79ee83, org.springframework.test.context.jdbc.SqlScriptsTestExecutionListener@5c3d093c, org.springframework.security.test.context.support.WithSecurityContextTestExecutionListener@26f0265d, org.springframework.security.test.context.support.ReactorContextTestExecutionListener@322f8588, org.springframework.boot.test.autoconfigure.restdocs.RestDocsTestExecutionListener@110168b8, org.springframework.boot.test.autoconfigure.web.client.MockRestServiceServerResetTestExecutionListener@25c1e74d, org.springframework.boot.test.autoconfigure.web.servlet.MockMvcPrintOnlyOnFailureTestExecutionListener@224ef66, org.springframework.boot.test.autoconfigure.web.servlet.WebDriverTestExecutionListener@4ce9296f, org.springframework.boot.test.mock.mockito.ResetMocksTestExecutionListener@5637dce2]

  .   ____          _            __ _ _
 /\\ / ___'_ __ _ _(_)_ __  __ _ \ \ \ \
( ( )\___ | '_ | '_| | '_ \/ _` | \ \ \ \
 \\/  ___)| |_)| | | | | || (_| |  ) ) ) )
  '  |____| .__|_| |_|_| |_\__, | / / / /
 =========|_|==============|___/=/_/_/_/
 :: Spring Boot ::        (v2.1.7.RELEASE)

2020-08-29 23:11:15.184  INFO 12480 --- [    Test worker] o.e.springboot.web.HelloControllerTest   : Starting HelloControllerTest on LAPTOP-KM8D3NT3 with PID 12480 (started by user in C:\spring-webservice)
2020-08-29 23:11:15.188  INFO 12480 --- [    Test worker] o.e.springboot.web.HelloControllerTest   : No active profile set, falling back to default profiles: default
2020-08-29 23:11:16.277  INFO 12480 --- [    Test worker] o.s.s.concurrent.ThreadPoolTaskExecutor  : Initializing ExecutorService 'applicationTaskExecutor'
2020-08-29 23:11:16.338  INFO 12480 --- [    Test worker] o.s.b.a.w.s.WelcomePageHandlerMapping    : Adding welcome page template: index
2020-08-29 23:11:16.812  INFO 12480 --- [    Test worker] .s.s.UserDetailsServiceAutoConfiguration : 

Using generated security password: 08decfb3-5911-44d2-81c8-028d7536c793

2020-08-29 23:11:17.160  INFO 12480 --- [    Test worker] o.s.s.web.DefaultSecurityFilterChain     : Creating filter chain: any request, [org.springframework.security.web.context.request.async.WebAsyncManagerIntegrationFilter@76772f61, org.springframework.security.web.context.SecurityContextPersistenceFilter@8cae4dc, org.springframework.security.web.header.HeaderWriterFilter@7957b209, org.springframework.security.web.csrf.CsrfFilter@72bd6e2d, org.springframework.security.web.authentication.logout.LogoutFilter@46891304, org.springframework.security.web.authentication.UsernamePasswordAuthenticationFilter@752a62d4, org.springframework.security.web.authentication.ui.DefaultLoginPageGeneratingFilter@44f86b74, org.springframework.security.web.authentication.ui.DefaultLogoutPageGeneratingFilter@7013526a, org.springframework.security.web.authentication.www.BasicAuthenticationFilter@6572472f, org.springframework.security.web.savedrequest.RequestCacheAwareFilter@73b2c338, org.springframework.security.web.servletapi.SecurityContextHolderAwareRequestFilter@37b1f0bd, org.springframework.security.web.authentication.AnonymousAuthenticationFilter@7af2878, org.springframework.security.web.session.SessionManagementFilter@60027708, org.springframework.security.web.access.ExceptionTranslationFilter@3429f548, org.springframework.security.web.access.intercept.FilterSecurityInterceptor@5fb67c6b]
2020-08-29 23:11:17.273  INFO 12480 --- [    Test worker] o.s.b.t.m.w.SpringBootMockServletContext : Initializing Spring TestDispatcherServlet ''
2020-08-29 23:11:17.273  INFO 12480 --- [    Test worker] o.s.t.web.servlet.TestDispatcherServlet  : Initializing Servlet ''
2020-08-29 23:11:17.305  INFO 12480 --- [    Test worker] o.s.t.web.servlet.TestDispatcherServlet  : Completed initialization in 31 ms
2020-08-29 23:11:17.370  INFO 12480 --- [    Test worker] o.e.springboot.web.HelloControllerTest   : Started HelloControllerTest in 2.272 seconds (JVM running for 21.291)
]]></system-out>
  <system-err><![CDATA[]]></system-err>
</testsuite>
