<?xml version="1.0" encoding="UTF-8"?>
<testsuite name="org.example.springboot.web.HelloControllerTest" tests="2" skipped="0" failures="0" errors="0" timestamp="2020-08-28T10:45:53" hostname="LAPTOP-KM8D3NT3" time="0.958">
  <properties/>
  <testcase name="returnHelloDto" classname="org.example.springboot.web.HelloControllerTest" time="0.863"/>
  <testcase name="returnHello" classname="org.example.springboot.web.HelloControllerTest" time="0.079"/>
  <system-out><![CDATA[2020-08-28 19:45:51.273  INFO 800 --- [    Test worker] .b.t.a.w.s.WebMvcTestContextBootstrapper : Neither @ContextConfiguration nor @ContextHierarchy found for test class [org.example.springboot.web.HelloControllerTest], using SpringBootContextLoader
2020-08-28 19:45:51.275  INFO 800 --- [    Test worker] o.s.t.c.support.AbstractContextLoader    : Could not detect default resource locations for test class [org.example.springboot.web.HelloControllerTest]: no resource found for suffixes {-context.xml, Context.groovy}.
2020-08-28 19:45:51.275  INFO 800 --- [    Test worker] t.c.s.AnnotationConfigContextLoaderUtils : Could not detect default configuration classes for test class [org.example.springboot.web.HelloControllerTest]: HelloControllerTest does not declare any static, non-private, non-final, nested classes annotated with @Configuration.
2020-08-28 19:45:51.367  INFO 800 --- [    Test worker] .b.t.c.SpringBootTestContextBootstrapper : Found @SpringBootConfiguration org.example.springboot.Application for test class org.example.springboot.web.HelloControllerTest
2020-08-28 19:45:51.372  INFO 800 --- [    Test worker] .b.t.a.w.s.WebMvcTestContextBootstrapper : Loaded default TestExecutionListener class names from location [META-INF/spring.factories]: [org.springframework.security.test.context.support.WithSecurityContextTestExecutionListener, org.springframework.security.test.context.support.ReactorContextTestExecutionListener, org.springframework.boot.test.autoconfigure.restdocs.RestDocsTestExecutionListener, org.springframework.boot.test.autoconfigure.web.client.MockRestServiceServerResetTestExecutionListener, org.springframework.boot.test.autoconfigure.web.servlet.MockMvcPrintOnlyOnFailureTestExecutionListener, org.springframework.boot.test.autoconfigure.web.servlet.WebDriverTestExecutionListener, org.springframework.boot.test.mock.mockito.MockitoTestExecutionListener, org.springframework.boot.test.mock.mockito.ResetMocksTestExecutionListener, org.springframework.test.context.web.ServletTestExecutionListener, org.springframework.test.context.support.DirtiesContextBeforeModesTestExecutionListener, org.springframework.test.context.support.DependencyInjectionTestExecutionListener, org.springframework.test.context.support.DirtiesContextTestExecutionListener, org.springframework.test.context.transaction.TransactionalTestExecutionListener, org.springframework.test.context.jdbc.SqlScriptsTestExecutionListener]
2020-08-28 19:45:51.379  INFO 800 --- [    Test worker] .b.t.a.w.s.WebMvcTestContextBootstrapper : Using TestExecutionListeners: [org.springframework.test.context.web.ServletTestExecutionListener@224ef66, org.springframework.test.context.support.DirtiesContextBeforeModesTestExecutionListener@4ce9296f, org.springframework.boot.test.mock.mockito.MockitoTestExecutionListener@5637dce2, org.springframework.boot.test.autoconfigure.SpringBootDependencyInjectionTestExecutionListener@7ce6a2e6, org.springframework.test.context.support.DirtiesContextTestExecutionListener@599c2dc3, org.springframework.test.context.transaction.TransactionalTestExecutionListener@5cbbd5ce, org.springframework.test.context.jdbc.SqlScriptsTestExecutionListener@3483d277, org.springframework.security.test.context.support.WithSecurityContextTestExecutionListener@7d3bb793, org.springframework.security.test.context.support.ReactorContextTestExecutionListener@45717fc2, org.springframework.boot.test.autoconfigure.restdocs.RestDocsTestExecutionListener@4766d707, org.springframework.boot.test.autoconfigure.web.client.MockRestServiceServerResetTestExecutionListener@6d5cb5f6, org.springframework.boot.test.autoconfigure.web.servlet.MockMvcPrintOnlyOnFailureTestExecutionListener@4d7b00e1, org.springframework.boot.test.autoconfigure.web.servlet.WebDriverTestExecutionListener@3bae9e3, org.springframework.boot.test.mock.mockito.ResetMocksTestExecutionListener@7295d87c]

  .   ____          _            __ _ _
 /\\ / ___'_ __ _ _(_)_ __  __ _ \ \ \ \
( ( )\___ | '_ | '_| | '_ \/ _` | \ \ \ \
 \\/  ___)| |_)| | | | | || (_| |  ) ) ) )
  '  |____| .__|_| |_|_| |_\__, | / / / /
 =========|_|==============|___/=/_/_/_/
 :: Spring Boot ::        (v2.1.7.RELEASE)

2020-08-28 19:45:51.514  INFO 800 --- [    Test worker] o.e.springboot.web.HelloControllerTest   : Starting HelloControllerTest on LAPTOP-KM8D3NT3 with PID 800 (started by user in C:\spring-webservice)
2020-08-28 19:45:51.519  INFO 800 --- [    Test worker] o.e.springboot.web.HelloControllerTest   : No active profile set, falling back to default profiles: default
2020-08-28 19:45:52.507  INFO 800 --- [    Test worker] o.s.s.concurrent.ThreadPoolTaskExecutor  : Initializing ExecutorService 'applicationTaskExecutor'
2020-08-28 19:45:52.577  INFO 800 --- [    Test worker] o.s.b.a.w.s.WelcomePageHandlerMapping    : Adding welcome page template: index
2020-08-28 19:45:52.988  INFO 800 --- [    Test worker] .s.s.UserDetailsServiceAutoConfiguration : 

Using generated security password: ac592376-ac55-4f1d-864a-f78aa8cb5515

2020-08-28 19:45:53.294  INFO 800 --- [    Test worker] o.s.s.web.DefaultSecurityFilterChain     : Creating filter chain: any request, [org.springframework.security.web.context.request.async.WebAsyncManagerIntegrationFilter@5bd0deb7, org.springframework.security.web.context.SecurityContextPersistenceFilter@752a62d4, org.springframework.security.web.header.HeaderWriterFilter@51a95469, org.springframework.security.web.csrf.CsrfFilter@46891304, org.springframework.security.web.authentication.logout.LogoutFilter@76772f61, org.springframework.security.web.authentication.UsernamePasswordAuthenticationFilter@358c4335, org.springframework.security.web.authentication.ui.DefaultLoginPageGeneratingFilter@43e8a144, org.springframework.security.web.authentication.ui.DefaultLogoutPageGeneratingFilter@4db72acc, org.springframework.security.web.authentication.www.BasicAuthenticationFilter@4a831b79, org.springframework.security.web.savedrequest.RequestCacheAwareFilter@3440c51c, org.springframework.security.web.servletapi.SecurityContextHolderAwareRequestFilter@2f51d5e1, org.springframework.security.web.authentication.AnonymousAuthenticationFilter@1f3db8d0, org.springframework.security.web.session.SessionManagementFilter@5fb67c6b, org.springframework.security.web.access.ExceptionTranslationFilter@6f8ea7f, org.springframework.security.web.access.intercept.FilterSecurityInterceptor@5fe6daa1]
2020-08-28 19:45:53.411  INFO 800 --- [    Test worker] o.s.b.t.m.w.SpringBootMockServletContext : Initializing Spring TestDispatcherServlet ''
2020-08-28 19:45:53.412  INFO 800 --- [    Test worker] o.s.t.web.servlet.TestDispatcherServlet  : Initializing Servlet ''
2020-08-28 19:45:53.443  INFO 800 --- [    Test worker] o.s.t.web.servlet.TestDispatcherServlet  : Completed initialization in 31 ms
2020-08-28 19:45:53.508  INFO 800 --- [    Test worker] o.e.springboot.web.HelloControllerTest   : Started HelloControllerTest in 2.12 seconds (JVM running for 19.515)
]]></system-out>
  <system-err><![CDATA[]]></system-err>
</testsuite>
