<?xml version="1.0" encoding="UTF-8"?>
<testsuite name="org.example.springboot.web.IndexControllerTest" tests="1" skipped="0" failures="0" errors="0" timestamp="2020-08-30T14:40:10" hostname="LAPTOP-KM8D3NT3" time="0.46">
  <properties/>
  <testcase name="loadMainPage" classname="org.example.springboot.web.IndexControllerTest" time="0.46"/>
  <system-out><![CDATA[2020-08-30 23:40:05.564  INFO 17320 --- [    Test worker] .b.t.c.SpringBootTestContextBootstrapper : Neither @ContextConfiguration nor @ContextHierarchy found for test class [org.example.springboot.web.IndexControllerTest], using SpringBootContextLoader
2020-08-30 23:40:05.566  INFO 17320 --- [    Test worker] o.s.t.c.support.AbstractContextLoader    : Could not detect default resource locations for test class [org.example.springboot.web.IndexControllerTest]: no resource found for suffixes {-context.xml, Context.groovy}.
2020-08-30 23:40:05.567  INFO 17320 --- [    Test worker] t.c.s.AnnotationConfigContextLoaderUtils : Could not detect default configuration classes for test class [org.example.springboot.web.IndexControllerTest]: IndexControllerTest does not declare any static, non-private, non-final, nested classes annotated with @Configuration.
2020-08-30 23:40:05.574  INFO 17320 --- [    Test worker] .b.t.c.SpringBootTestContextBootstrapper : Found @SpringBootConfiguration org.example.springboot.Application for test class org.example.springboot.web.IndexControllerTest
2020-08-30 23:40:05.577  INFO 17320 --- [    Test worker] .b.t.c.SpringBootTestContextBootstrapper : Loaded default TestExecutionListener class names from location [META-INF/spring.factories]: [org.springframework.security.test.context.support.WithSecurityContextTestExecutionListener, org.springframework.security.test.context.support.ReactorContextTestExecutionListener, org.springframework.boot.test.autoconfigure.restdocs.RestDocsTestExecutionListener, org.springframework.boot.test.autoconfigure.web.client.MockRestServiceServerResetTestExecutionListener, org.springframework.boot.test.autoconfigure.web.servlet.MockMvcPrintOnlyOnFailureTestExecutionListener, org.springframework.boot.test.autoconfigure.web.servlet.WebDriverTestExecutionListener, org.springframework.boot.test.mock.mockito.MockitoTestExecutionListener, org.springframework.boot.test.mock.mockito.ResetMocksTestExecutionListener, org.springframework.test.context.web.ServletTestExecutionListener, org.springframework.test.context.support.DirtiesContextBeforeModesTestExecutionListener, org.springframework.test.context.support.DependencyInjectionTestExecutionListener, org.springframework.test.context.support.DirtiesContextTestExecutionListener, org.springframework.test.context.transaction.TransactionalTestExecutionListener, org.springframework.test.context.jdbc.SqlScriptsTestExecutionListener]
2020-08-30 23:40:05.588  INFO 17320 --- [    Test worker] .b.t.c.SpringBootTestContextBootstrapper : Using TestExecutionListeners: [org.springframework.test.context.web.ServletTestExecutionListener@7c553bae, org.springframework.test.context.support.DirtiesContextBeforeModesTestExecutionListener@6b4efa9a, org.springframework.boot.test.mock.mockito.MockitoTestExecutionListener@7884ca87, org.springframework.boot.test.autoconfigure.SpringBootDependencyInjectionTestExecutionListener@390b53c2, org.springframework.test.context.support.DirtiesContextTestExecutionListener@6c568706, org.springframework.test.context.transaction.TransactionalTestExecutionListener@70503a3c, org.springframework.test.context.jdbc.SqlScriptsTestExecutionListener@2ede0643, org.springframework.security.test.context.support.WithSecurityContextTestExecutionListener@4da8c519, org.springframework.security.test.context.support.ReactorContextTestExecutionListener@151e151d, org.springframework.boot.test.autoconfigure.restdocs.RestDocsTestExecutionListener@64ee5c58, org.springframework.boot.test.autoconfigure.web.client.MockRestServiceServerResetTestExecutionListener@3a5cb298, org.springframework.boot.test.autoconfigure.web.servlet.MockMvcPrintOnlyOnFailureTestExecutionListener@31d728c7, org.springframework.boot.test.autoconfigure.web.servlet.WebDriverTestExecutionListener@5404751d, org.springframework.boot.test.mock.mockito.ResetMocksTestExecutionListener@429eff59]

  .   ____          _            __ _ _
 /\\ / ___'_ __ _ _(_)_ __  __ _ \ \ \ \
( ( )\___ | '_ | '_| | '_ \/ _` | \ \ \ \
 \\/  ___)| |_)| | | | | || (_| |  ) ) ) )
  '  |____| .__|_| |_|_| |_\__, | / / / /
 =========|_|==============|___/=/_/_/_/
 :: Spring Boot ::        (v2.1.7.RELEASE)

2020-08-30 23:40:05.872  INFO 17320 --- [    Test worker] o.e.springboot.web.IndexControllerTest   : Starting IndexControllerTest on LAPTOP-KM8D3NT3 with PID 17320 (started by user in C:\spring-webservice)
2020-08-30 23:40:05.873  INFO 17320 --- [    Test worker] o.e.springboot.web.IndexControllerTest   : No active profile set, falling back to default profiles: default
2020-08-30 23:40:06.501  INFO 17320 --- [    Test worker] .s.d.r.c.RepositoryConfigurationDelegate : Bootstrapping Spring Data repositories in DEFAULT mode.
2020-08-30 23:40:06.556  INFO 17320 --- [    Test worker] .s.d.r.c.RepositoryConfigurationDelegate : Finished Spring Data repository scanning in 54ms. Found 2 repository interfaces.
2020-08-30 23:40:06.784  INFO 17320 --- [    Test worker] trationDelegate$BeanPostProcessorChecker : Bean 'org.springframework.transaction.annotation.ProxyTransactionManagementConfiguration' of type [org.springframework.transaction.annotation.ProxyTransactionManagementConfiguration$$EnhancerBySpringCGLIB$$79470d01] is not eligible for getting processed by all BeanPostProcessors (for example: not eligible for auto-proxying)
2020-08-30 23:40:07.356  INFO 17320 --- [    Test worker] o.s.b.w.embedded.tomcat.TomcatWebServer  : Tomcat initialized with port(s): 0 (http)
2020-08-30 23:40:07.426  INFO 17320 --- [    Test worker] o.apache.catalina.core.StandardService   : Starting service [Tomcat]
2020-08-30 23:40:07.426  INFO 17320 --- [    Test worker] org.apache.catalina.core.StandardEngine  : Starting Servlet engine: [Apache Tomcat/9.0.22]
2020-08-30 23:40:07.878  INFO 17320 --- [    Test worker] o.a.c.c.C.[Tomcat].[localhost].[/]       : Initializing Spring embedded WebApplicationContext
2020-08-30 23:40:07.879  INFO 17320 --- [    Test worker] o.s.web.context.ContextLoader            : Root WebApplicationContext: initialization completed in 1995 ms
2020-08-30 23:40:08.270  INFO 17320 --- [    Test worker] com.zaxxer.hikari.HikariDataSource       : HikariPool-2 - Starting...
2020-08-30 23:40:08.271  INFO 17320 --- [    Test worker] com.zaxxer.hikari.HikariDataSource       : HikariPool-2 - Start completed.
2020-08-30 23:40:08.354  INFO 17320 --- [    Test worker] o.hibernate.jpa.internal.util.LogHelper  : HHH000204: Processing PersistenceUnitInfo [
	name: default
	...]
2020-08-30 23:40:08.385  INFO 17320 --- [    Test worker] org.hibernate.dialect.Dialect            : HHH000400: Using dialect: org.hibernate.dialect.H2Dialect
Hibernate: drop table posts if exists
Hibernate: drop table user if exists
Hibernate: create table posts (id bigint generated by default as identity, created_date timestamp, modified_date timestamp, author varchar(255), content TEXT not null, title varchar(500) not null, primary key (id))
Hibernate: create table user (id bigint generated by default as identity, created_date timestamp, modified_date timestamp, email varchar(255) not null, name varchar(255) not null, picture varchar(255), role varchar(255) not null, primary key (id))
2020-08-30 23:40:08.496  INFO 17320 --- [    Test worker] o.h.t.schema.internal.SchemaCreatorImpl  : HHH000476: Executing import script 'org.hibernate.tool.schema.internal.exec.ScriptSourceInputNonExistentImpl@207c072'
2020-08-30 23:40:08.496  INFO 17320 --- [    Test worker] j.LocalContainerEntityManagerFactoryBean : Initialized JPA EntityManagerFactory for persistence unit 'default'
2020-08-30 23:40:09.252  INFO 17320 --- [    Test worker] o.h.h.i.QueryTranslatorFactoryInitiator  : HHH000397: Using ASTQueryTranslatorFactory
2020-08-30 23:40:09.596  INFO 17320 --- [    Test worker] o.s.s.web.DefaultSecurityFilterChain     : Creating filter chain: any request, [org.springframework.security.web.context.request.async.WebAsyncManagerIntegrationFilter@58fa3956, org.springframework.security.web.context.SecurityContextPersistenceFilter@aa3d5b1, org.springframework.security.web.header.HeaderWriterFilter@495a7014, org.springframework.security.web.authentication.logout.LogoutFilter@660722dd, org.springframework.security.oauth2.client.web.OAuth2AuthorizationRequestRedirectFilter@2c107e9f, org.springframework.security.oauth2.client.web.OAuth2LoginAuthenticationFilter@6573acb, org.springframework.security.web.authentication.ui.DefaultLoginPageGeneratingFilter@721d7f72, org.springframework.security.web.authentication.ui.DefaultLogoutPageGeneratingFilter@7112a285, org.springframework.security.web.savedrequest.RequestCacheAwareFilter@7ccf0640, org.springframework.security.web.servletapi.SecurityContextHolderAwareRequestFilter@660f031d, org.springframework.security.web.authentication.AnonymousAuthenticationFilter@5e59cebe, org.springframework.security.web.session.SessionManagementFilter@11b0b6d8, org.springframework.security.web.access.ExceptionTranslationFilter@3b19a06d, org.springframework.security.web.access.intercept.FilterSecurityInterceptor@6409a90d]
2020-08-30 23:40:10.026  INFO 17320 --- [    Test worker] o.s.s.concurrent.ThreadPoolTaskExecutor  : Initializing ExecutorService 'applicationTaskExecutor'
2020-08-30 23:40:10.056  WARN 17320 --- [    Test worker] aWebConfiguration$JpaWebMvcConfiguration : spring.jpa.open-in-view is enabled by default. Therefore, database queries may be performed during view rendering. Explicitly configure spring.jpa.open-in-view to disable this warning
2020-08-30 23:40:10.122  INFO 17320 --- [    Test worker] o.s.b.a.w.s.WelcomePageHandlerMapping    : Adding welcome page template: index
2020-08-30 23:40:10.731  INFO 17320 --- [    Test worker] s.a.ScheduledAnnotationBeanPostProcessor : No TaskScheduler/ScheduledExecutorService bean found for scheduled processing
2020-08-30 23:40:10.770  INFO 17320 --- [    Test worker] o.s.b.w.embedded.tomcat.TomcatWebServer  : Tomcat started on port(s): 49691 (http) with context path ''
2020-08-30 23:40:10.771  INFO 17320 --- [    Test worker] o.e.springboot.web.IndexControllerTest   : Started IndexControllerTest in 5.163 seconds (JVM running for 24.107)
2020-08-30 23:40:11.033  INFO 17320 --- [o-auto-1-exec-1] o.a.c.c.C.[Tomcat].[localhost].[/]       : Initializing Spring DispatcherServlet 'dispatcherServlet'
2020-08-30 23:40:11.033  INFO 17320 --- [o-auto-1-exec-1] o.s.web.servlet.DispatcherServlet        : Initializing Servlet 'dispatcherServlet'
2020-08-30 23:40:11.088  INFO 17320 --- [o-auto-1-exec-1] o.s.web.servlet.DispatcherServlet        : Completed initialization in 55 ms
Hibernate: select posts0_.id as id1_0_, posts0_.created_date as created_2_0_, posts0_.modified_date as modified3_0_, posts0_.author as author4_0_, posts0_.content as content5_0_, posts0_.title as title6_0_ from posts posts0_ order by posts0_.id DESC
]]></system-out>
  <system-err><![CDATA[]]></system-err>
</testsuite>
