<?xml version="1.0" encoding="UTF-8"?>
<testsuite name="org.example.springboot.web.HelloControllerTest" tests="2" skipped="0" failures="0" errors="0" timestamp="2020-08-30T14:40:05" hostname="LAPTOP-KM8D3NT3" time="0.341">
  <properties/>
  <testcase name="returnHelloDto" classname="org.example.springboot.web.HelloControllerTest" time="0.319"/>
  <testcase name="returnHello" classname="org.example.springboot.web.HelloControllerTest" time="0.021"/>
  <system-out><![CDATA[2020-08-30 23:40:02.861  INFO 17320 --- [    Test worker] .b.t.a.w.s.WebMvcTestContextBootstrapper : Neither @ContextConfiguration nor @ContextHierarchy found for test class [org.example.springboot.web.HelloControllerTest], using SpringBootContextLoader
2020-08-30 23:40:02.863  INFO 17320 --- [    Test worker] o.s.t.c.support.AbstractContextLoader    : Could not detect default resource locations for test class [org.example.springboot.web.HelloControllerTest]: no resource found for suffixes {-context.xml, Context.groovy}.
2020-08-30 23:40:02.864  INFO 17320 --- [    Test worker] t.c.s.AnnotationConfigContextLoaderUtils : Could not detect default configuration classes for test class [org.example.springboot.web.HelloControllerTest]: HelloControllerTest does not declare any static, non-private, non-final, nested classes annotated with @Configuration.
2020-08-30 23:40:02.914  INFO 17320 --- [    Test worker] .b.t.c.SpringBootTestContextBootstrapper : Found @SpringBootConfiguration org.example.springboot.Application for test class org.example.springboot.web.HelloControllerTest
2020-08-30 23:40:02.915  INFO 17320 --- [    Test worker] .b.t.a.w.s.WebMvcTestContextBootstrapper : Loaded default TestExecutionListener class names from location [META-INF/spring.factories]: [org.springframework.security.test.context.support.WithSecurityContextTestExecutionListener, org.springframework.security.test.context.support.ReactorContextTestExecutionListener, org.springframework.boot.test.autoconfigure.restdocs.RestDocsTestExecutionListener, org.springframework.boot.test.autoconfigure.web.client.MockRestServiceServerResetTestExecutionListener, org.springframework.boot.test.autoconfigure.web.servlet.MockMvcPrintOnlyOnFailureTestExecutionListener, org.springframework.boot.test.autoconfigure.web.servlet.WebDriverTestExecutionListener, org.springframework.boot.test.mock.mockito.MockitoTestExecutionListener, org.springframework.boot.test.mock.mockito.ResetMocksTestExecutionListener, org.springframework.test.context.web.ServletTestExecutionListener, org.springframework.test.context.support.DirtiesContextBeforeModesTestExecutionListener, org.springframework.test.context.support.DependencyInjectionTestExecutionListener, org.springframework.test.context.support.DirtiesContextTestExecutionListener, org.springframework.test.context.transaction.TransactionalTestExecutionListener, org.springframework.test.context.jdbc.SqlScriptsTestExecutionListener]
2020-08-30 23:40:02.919  INFO 17320 --- [    Test worker] .b.t.a.w.s.WebMvcTestContextBootstrapper : Using TestExecutionListeners: [org.springframework.test.context.web.ServletTestExecutionListener@2afe8b4e, org.springframework.test.context.support.DirtiesContextBeforeModesTestExecutionListener@67c2e1df, org.springframework.boot.test.mock.mockito.MockitoTestExecutionListener@2e1c7bed, org.springframework.boot.test.autoconfigure.SpringBootDependencyInjectionTestExecutionListener@167adcf0, org.springframework.test.context.support.DirtiesContextTestExecutionListener@4880918a, org.springframework.test.context.transaction.TransactionalTestExecutionListener@38bc5d5c, org.springframework.test.context.jdbc.SqlScriptsTestExecutionListener@75328ab5, org.springframework.security.test.context.support.WithSecurityContextTestExecutionListener@35ef45bf, org.springframework.security.test.context.support.ReactorContextTestExecutionListener@792f8e49, org.springframework.boot.test.autoconfigure.restdocs.RestDocsTestExecutionListener@23a37a8d, org.springframework.boot.test.autoconfigure.web.client.MockRestServiceServerResetTestExecutionListener@42253b6e, org.springframework.boot.test.autoconfigure.web.servlet.MockMvcPrintOnlyOnFailureTestExecutionListener@da85c28, org.springframework.boot.test.autoconfigure.web.servlet.WebDriverTestExecutionListener@870d612, org.springframework.boot.test.mock.mockito.ResetMocksTestExecutionListener@303fb283]

  .   ____          _            __ _ _
 /\\ / ___'_ __ _ _(_)_ __  __ _ \ \ \ \
( ( )\___ | '_ | '_| | '_ \/ _` | \ \ \ \
 \\/  ___)| |_)| | | | | || (_| |  ) ) ) )
  '  |____| .__|_| |_|_| |_\__, | / / / /
 =========|_|==============|___/=/_/_/_/
 :: Spring Boot ::        (v2.1.7.RELEASE)

2020-08-30 23:40:03.010  INFO 17320 --- [    Test worker] o.e.springboot.web.HelloControllerTest   : Starting HelloControllerTest on LAPTOP-KM8D3NT3 with PID 17320 (started by user in C:\spring-webservice)
2020-08-30 23:40:03.012  INFO 17320 --- [    Test worker] o.e.springboot.web.HelloControllerTest   : No active profile set, falling back to default profiles: default
2020-08-30 23:40:04.052  INFO 17320 --- [    Test worker] o.s.s.concurrent.ThreadPoolTaskExecutor  : Initializing ExecutorService 'applicationTaskExecutor'
2020-08-30 23:40:04.141  INFO 17320 --- [    Test worker] o.s.b.a.w.s.WelcomePageHandlerMapping    : Adding welcome page template: index
2020-08-30 23:40:04.614  INFO 17320 --- [    Test worker] .s.s.UserDetailsServiceAutoConfiguration : 

Using generated security password: b10c1c9e-845c-4ca5-8e76-ee5fab3c0580

2020-08-30 23:40:04.966  INFO 17320 --- [    Test worker] o.s.s.web.DefaultSecurityFilterChain     : Creating filter chain: any request, [org.springframework.security.web.context.request.async.WebAsyncManagerIntegrationFilter@4033123d, org.springframework.security.web.context.SecurityContextPersistenceFilter@6e24ac2e, org.springframework.security.web.header.HeaderWriterFilter@511a718e, org.springframework.security.web.csrf.CsrfFilter@142c27b8, org.springframework.security.web.authentication.logout.LogoutFilter@758c2d36, org.springframework.security.web.authentication.UsernamePasswordAuthenticationFilter@36a89e67, org.springframework.security.web.authentication.ui.DefaultLoginPageGeneratingFilter@1846a90d, org.springframework.security.web.authentication.ui.DefaultLogoutPageGeneratingFilter@236a62e7, org.springframework.security.web.authentication.www.BasicAuthenticationFilter@4403491a, org.springframework.security.web.savedrequest.RequestCacheAwareFilter@4a93222f, org.springframework.security.web.servletapi.SecurityContextHolderAwareRequestFilter@4887acf2, org.springframework.security.web.authentication.AnonymousAuthenticationFilter@7d7fb409, org.springframework.security.web.session.SessionManagementFilter@247e8df2, org.springframework.security.web.access.ExceptionTranslationFilter@dd528c5, org.springframework.security.web.access.intercept.FilterSecurityInterceptor@114265b0]
2020-08-30 23:40:05.050  INFO 17320 --- [    Test worker] o.s.b.t.m.w.SpringBootMockServletContext : Initializing Spring TestDispatcherServlet ''
2020-08-30 23:40:05.051  INFO 17320 --- [    Test worker] o.s.t.web.servlet.TestDispatcherServlet  : Initializing Servlet ''
2020-08-30 23:40:05.085  INFO 17320 --- [    Test worker] o.s.t.web.servlet.TestDispatcherServlet  : Completed initialization in 34 ms
2020-08-30 23:40:05.205  INFO 17320 --- [    Test worker] o.e.springboot.web.HelloControllerTest   : Started HelloControllerTest in 2.28 seconds (JVM running for 18.541)
]]></system-out>
  <system-err><![CDATA[]]></system-err>
</testsuite>
